<?xml version="1.0" encoding="UTF-8" ?>
<testsuite tests="20" failures="0" name="calculator.RunnerTest" time="0.004" errors="0" skipped="0">
  <properties>
[...]
</properties>
  <testcase classname="| 1 | 12 | 13 |" name="Given Two input values, 1 and 12" time="0.002"/>
  <testcase classname="| 1 | 12 | 13 |" name="When I add the two values" time="0"/>
  <testcase classname="| 1 | 12 | 13 |" name="Then I expect the result 13" time="0.001"/>
  <testcase classname="| 1 | 12 | 13 |" name="| 1 | 12 | 13 |" time="0.001"/>
  <testcase classname="| -1 | 6 | 5 |" name="Given Two input values, -1 and 6" time="0"/>
  <testcase classname="| -1 | 6 | 5 |" name="When I add the two values" time="0"/>
  <testcase classname="| -1 | 6 | 5 |" name="Then I expect the result 5" time="0"/>
  <testcase classname="| -1 | 6 | 5 |" name="| -1 | 6 | 5 |" time="0"/>
  <testcase classname="| 2 | 2 | 4 |" name="Given Two input values, 2 and 2" time="0"/>
  <testcase classname="| 2 | 2 | 4 |" name="When I add the two values" time="0"/>
  <testcase classname="| 2 | 2 | 4 |" name="Then I expect the result 4" time="0"/>
  <testcase classname="| 2 | 2 | 4 |" name="| 2 | 2 | 4 |" time="0"/>
  <testcase classname="| 4 | rvs | 0.25 |" name="Given An input value 4 and an operation rvs" time="0"/>
  <testcase classname="| 4 | rvs | 0.25 |" name="When I apply the operation on the input" time="0"/>
  <testcase classname="| 4 | rvs | 0.25 |" name="Then I see the result 0.25" time="0"/>
  <testcase classname="| 4 | rvs | 0.25 |" name="| 4 | rvs | 0.25 |" time="0"/>
  <testcase classname="| 4 | sqr | 2 |" name="Given An input value 4 and an operation sqr" time="0"/>
  <testcase classname="| 4 | sqr | 2 |" name="When I apply the operation on the input" time="0"/>
  <testcase classname="| 4 | sqr | 2 |" name="Then I see the result 2" time="0"/>
  <testcase classname="| 4 | sqr | 2 |" name="| 4 | sqr | 2 |" time="0"/>
</testsuite>